*** VICE Version 2.0 ***
 
Welcome to x64, the free portable C64 Emulator.
 
Current VICE team members:
A. Boose, D. Lem, T. Biczo, A. Dehmel, T. Bretz, A. Matthies,
M. Pottendorfer, M. Brenner, S. Trikaliotis, M. van den Heuvel,
C. Vogelgsang, Fabrizio Gennari.
 
This is free software with ABSOLUTELY NO WARRANTY.
See the "About VICE" command for more info.
 
Loading system file `C:\Work\VICE\data\C64\kernal'.
C64MEM: Kernal rev #3.
Loading system file `C:\Work\VICE\data\C64\basic'.
Loading system file `C:\Work\VICE\data\C64\chargen'.
LoadLibrary opencbm.dll failed!
Loading system file `C:\Work\VICE\data\PRINTER\mps803'.
Palette: Loading palette `C:\Work\VICE\data\PRINTER\mps803.vpl'.
Loading system file `C:\Work\VICE\data\PRINTER\nl10-cbm'.
Palette: Loading palette `C:\Work\VICE\data\PRINTER\mps803.vpl'.
NL10: Printer driver initialized.
Loading system file `C:\Work\VICE\data\DRIVES\dos1541'.
Loading system file `C:\Work\VICE\data\DRIVES\d1541II'.
Loading system file `C:\Work\VICE\data\DRIVES\dos1570'.
Loading system file `C:\Work\VICE\data\DRIVES\dos1571'.
Loading system file `C:\Work\VICE\data\DRIVES\dos1581'.
Loading system file `C:\Work\VICE\data\DRIVES\dos2031'.
Loading system file `C:\Work\VICE\data\DRIVES\dos2040'.
Loading system file `C:\Work\VICE\data\DRIVES\dos3040'.
Loading system file `C:\Work\VICE\data\DRIVES\dos4040'.
Loading system file `C:\Work\VICE\data\DRIVES\dos1001'.
Drive: Finished loading ROM images.
Refresh rate: 0023AC93 / 14.00 = 166995.643
RGB surface...
dwRGBBitCount: 32
dwRBitMask: 00ff0000
dwGBitMask: 0000ff00
dwBBitMask: 000000ff
Sound: Available sound devices: dx wmm dummy fs speed dump wav voc iff aiff ffmpegaudio
Keyboard: Loading keymap `C:\Work\VICE\data\C64\win_pos.vkm'.
AUTOSTART: Autodetecting image type of `d:\Downloads\Trance Sector.tap'.
Filesystem Image: Unknown disk image `d:\Downloads\Trance Sector.tap'.
Tape: TAP image 'd:\Downloads\Trance Sector.tap' attached.
Tape: TAP image version: 1, system: 0.
AUTOSTART: Attached file `d:\Downloads\Trance Sector.tap' as a tape image.
AUTOSTART: Resetting the machine to autostart ''
AUTOSTART: `d:\Downloads\Trance Sector.tap' recognized as tape image.
Main CPU: starting at ($FFFC).
Main CPU: RESET.
Sound: Opened device `dx', speed 22050Hz, fragment size 23ms, buffer size 371ms
reSID: MOS6581, filter on, sampling rate 22050Hz - fast
AUTOSTART: Loading file.
Sound: Warning - Buffer drained
AUTOSTART: Autodetecting image type of `D:\Downloads\headalign.prg'.
Filesystem Image: Unknown disk image `D:\Downloads\headalign.prg'.
Tape: Error - Cannot open file `D:\Downloads\headalign.prg'
AUTOSTART: Resetting the machine to autostart 'HEADALIGN.PRG'
AUTOSTART: Preparing to load PRG file `D:\Downloads\headalign.prg'.
AUTOSTART: `D:\Downloads\headalign.prg' recognized as program/p00 file.
Main CPU: RESET.
AUTOSTART: Loading program 'HEADALIGN.PRG'
AUTOSTART: Starting program.
Tape: Detaching TAP image `d:\Downloads\Trance Sector.tap'.
Tape: TAP image 'D:\Downloads\Trance Sector.tap' attached.
Tape: TAP image version: 1, system: 0.
Tape: Detaching TAP image `D:\Downloads\Trance Sector.tap'.
Tape: TAP image 'C:\Work\C64\IRQTape\TapeTool\test.tap' attached.
Tape: TAP image version: 1, system: 0.
AUTOSTART: Autodetecting image type of `C:\Work\C64\IRQTape\TapeTool\test.tap'.
Filesystem Image: Unknown disk image `C:\Work\C64\IRQTape\TapeTool\test.tap'.
Tape: Detaching TAP image `C:\Work\C64\IRQTape\TapeTool\test.tap'.
Tape: TAP image 'C:\Work\C64\IRQTape\TapeTool\test.tap' attached.
Tape: TAP image version: 1, system: 0.
AUTOSTART: Attached file `C:\Work\C64\IRQTape\TapeTool\test.tap' as a tape image.
AUTOSTART: Resetting the machine to autostart ''
AUTOSTART: `C:\Work\C64\IRQTape\TapeTool\test.tap' recognized as tape image.
Main CPU: RESET.
AUTOSTART: Loading file.
Main CPU: RESET.
AUTOSTART: Turned off.
AUTOSTART: Autodetecting image type of `C:\Work\C64\IRQTape\TapeTool\test.tap'.
Filesystem Image: Unknown disk image `C:\Work\C64\IRQTape\TapeTool\test.tap'.
Tape: Detaching TAP image `C:\Work\C64\IRQTape\TapeTool\test.tap'.
Tape: TAP image 'C:\Work\C64\IRQTape\TapeTool\test.tap' attached.
Tape: TAP image version: 1, system: 0.
AUTOSTART: Attached file `C:\Work\C64\IRQTape\TapeTool\test.tap' as a tape image.
AUTOSTART: Resetting the machine to autostart ''
AUTOSTART: `C:\Work\C64\IRQTape\TapeTool\test.tap' recognized as tape image.
Main CPU: RESET.
AUTOSTART: Loading file.
AUTOSTART: Autodetecting image type of `C:\Work\C64\IRQTape\TapeTool\test.tap'.
Filesystem Image: Unknown disk image `C:\Work\C64\IRQTape\TapeTool\test.tap'.
Tape: Detaching TAP image `C:\Work\C64\IRQTape\TapeTool\test.tap'.
Tape: TAP image 'C:\Work\C64\IRQTape\TapeTool\test.tap' attached.
Tape: TAP image version: 1, system: 0.
AUTOSTART: Attached file `C:\Work\C64\IRQTape\TapeTool\test.tap' as a tape image.
AUTOSTART: Resetting the machine to autostart ''
AUTOSTART: `C:\Work\C64\IRQTape\TapeTool\test.tap' recognized as tape image.
Main CPU: RESET.
Sound: Warning - Buffer drained
AUTOSTART: Loading file.

Exiting...
Tape: Detaching TAP image `C:\Work\C64\IRQTape\TapeTool\test.tap'.
Sound: Closing device `dx'
